Determining if the pthread_create exist failed with the following output:
Change Dir: /home/patrol2/yolo_ws_behind/build/CMakeFiles/CMakeTmp

Run Build Command:"/usr/bin/make" "cmTC_ce997/fast"
/usr/bin/make -f CMakeFiles/cmTC_ce997.dir/build.make CMakeFiles/cmTC_ce997.dir/build
make[1]: Entering directory '/home/patrol2/yolo_ws_behind/build/CMakeFiles/CMakeTmp'
Building C object CMakeFiles/cmTC_ce997.dir/CheckSymbolExists.c.o
/usr/bin/cc    -o CMakeFiles/cmTC_ce997.dir/CheckSymbolExists.c.o   -c /home/patrol2/yolo_ws_behind/build/CMakeFiles/CMakeTmp/CheckSymbolExists.c
Linking C executable cmTC_ce997
/usr/bin/cmake -E cmake_link_script CMakeFiles/cmTC_ce997.dir/link.txt --verbose=1
/usr/bin/cc      -rdynamic CMakeFiles/cmTC_ce997.dir/CheckSymbolExists.c.o  -o cmTC_ce997 
CMakeFiles/cmTC_ce997.dir/CheckSymbolExists.c.o: In function `main':
CheckSymbolExists.c:(.text+0x14): undefined reference to `pthread_create'
CheckSymbolExists.c:(.text+0x18): undefined reference to `pthread_create'
collect2: error: ld returned 1 exit status
CMakeFiles/cmTC_ce997.dir/build.make:97: recipe for target 'cmTC_ce997' failed
make[1]: *** [cmTC_ce997] Error 1
make[1]: Leaving directory '/home/patrol2/yolo_ws_behind/build/CMakeFiles/CMakeTmp'
Makefile:126: recipe for target 'cmTC_ce997/fast' failed
make: *** [cmTC_ce997/fast] Error 2

File /home/patrol2/yolo_ws_behind/build/CMakeFiles/CMakeTmp/CheckSymbolExists.c:
/* */
#include <pthread.h>

int main(int argc, char** argv)
{
  (void)argv;
#ifndef pthread_create
  return ((int*)(&pthread_create))[argc];
#else
  (void)argc;
  return 0;
#endif
}

Determining if the function pthread_create exists in the pthreads failed with the following output:
Change Dir: /home/patrol2/yolo_ws_behind/build/CMakeFiles/CMakeTmp

Run Build Command:"/usr/bin/make" "cmTC_608b6/fast"
/usr/bin/make -f CMakeFiles/cmTC_608b6.dir/build.make CMakeFiles/cmTC_608b6.dir/build
make[1]: Entering directory '/home/patrol2/yolo_ws_behind/build/CMakeFiles/CMakeTmp'
Building C object CMakeFiles/cmTC_608b6.dir/CheckFunctionExists.c.o
/usr/bin/cc   -DCHECK_FUNCTION_EXISTS=pthread_create   -o CMakeFiles/cmTC_608b6.dir/CheckFunctionExists.c.o   -c /usr/share/cmake-3.10/Modules/CheckFunctionExists.c
Linking C executable cmTC_608b6
/usr/bin/cmake -E cmake_link_script CMakeFiles/cmTC_608b6.dir/link.txt --verbose=1
/usr/bin/cc  -DCHECK_FUNCTION_EXISTS=pthread_create    -rdynamic CMakeFiles/cmTC_608b6.dir/CheckFunctionExists.c.o  -o cmTC_608b6 -lpthreads 
/usr/bin/ld: cannot find -lpthreads
collect2: error: ld returned 1 exit status
CMakeFiles/cmTC_608b6.dir/build.make:97: recipe for target 'cmTC_608b6' failed
make[1]: *** [cmTC_608b6] Error 1
make[1]: Leaving directory '/home/patrol2/yolo_ws_behind/build/CMakeFiles/CMakeTmp'
Makefile:126: recipe for target 'cmTC_608b6/fast' failed
make: *** [cmTC_608b6/fast] Error 2


